have_library: checking for BIO_read() in -lcrypto... -------------------- yes

<<<<<<< HEAD
"clang -o conftest -I/Users/e155756/.rbenv/versions/2.4.1/include/ruby-2.4.0/x86_64-darwin16 -I/Users/e155756/.rbenv/versions/2.4.1/include/ruby-2.4.0/ruby/backward -I/Users/e155756/.rbenv/versions/2.4.1/include/ruby-2.4.0 -I. -I/usr/local/opt/openssl/include -I/Users/e155756/.rbenv/versions/2.4.1/include  -D_XOPEN_SOURCE -D_DARWIN_C_SOURCE -D_DARWIN_UNLIMITED_SELECT -D_REENTRANT   -O3 -fno-fast-math -ggdb3 -Wall -Wextra -Wno-unused-parameter -Wno-parentheses -Wno-long-long -Wno-missing-field-initializers -Wno-tautological-compare -Wno-parentheses-equality -Wno-constant-logical-operand -Wno-self-assign -Wunused-variable -Wimplicit-int -Wpointer-arith -Wwrite-strings -Wdeclaration-after-statement -Wshorten-64-to-32 -Wimplicit-function-declaration -Wdivision-by-zero -Wdeprecated-declarations -Wextra-tokens  -pipe conftest.c  -L. -L/Users/e155756/.rbenv/versions/2.4.1/lib -L/usr/local/opt/openssl/lib -L. -L/Users/e155756/.rbenv/versions/2.4.1/lib  -fstack-protector     -lruby-static -framework CoreFoundation  -lpthread -ldl -lobjc "
=======
"clang -o conftest -I/Users/e155745/.rbenv/versions/2.4.1/include/ruby-2.4.0/x86_64-darwin16 -I/Users/e155745/.rbenv/versions/2.4.1/include/ruby-2.4.0/ruby/backward -I/Users/e155745/.rbenv/versions/2.4.1/include/ruby-2.4.0 -I. -I/usr/local/opt/openssl/include -I/Users/e155745/.rbenv/versions/2.4.1/include  -D_XOPEN_SOURCE -D_DARWIN_C_SOURCE -D_DARWIN_UNLIMITED_SELECT -D_REENTRANT    -O3 -Wno-error=shorten-64-to-32  -pipe conftest.c  -L. -L/Users/e155745/.rbenv/versions/2.4.1/lib -L/usr/local/opt/openssl/lib -L. -L/Users/e155745/.rbenv/versions/2.4.1/lib  -fstack-protector     -lruby-static -framework CoreFoundation  -lpthread -ldl -lobjc "
>>>>>>> ea3b5ecd6b26340ea008e5d05820ff616cadafdf
checked program was:
/* begin */
1: #include "ruby.h"
2: 
3: int main(int argc, char **argv)
4: {
5:   return 0;
6: }
/* end */

<<<<<<< HEAD
"clang -o conftest -I/Users/e155756/.rbenv/versions/2.4.1/include/ruby-2.4.0/x86_64-darwin16 -I/Users/e155756/.rbenv/versions/2.4.1/include/ruby-2.4.0/ruby/backward -I/Users/e155756/.rbenv/versions/2.4.1/include/ruby-2.4.0 -I. -I/usr/local/opt/openssl/include -I/Users/e155756/.rbenv/versions/2.4.1/include  -D_XOPEN_SOURCE -D_DARWIN_C_SOURCE -D_DARWIN_UNLIMITED_SELECT -D_REENTRANT   -O3 -fno-fast-math -ggdb3 -Wall -Wextra -Wno-unused-parameter -Wno-parentheses -Wno-long-long -Wno-missing-field-initializers -Wno-tautological-compare -Wno-parentheses-equality -Wno-constant-logical-operand -Wno-self-assign -Wunused-variable -Wimplicit-int -Wpointer-arith -Wwrite-strings -Wdeclaration-after-statement -Wshorten-64-to-32 -Wimplicit-function-declaration -Wdivision-by-zero -Wdeprecated-declarations -Wextra-tokens  -pipe conftest.c  -L. -L/Users/e155756/.rbenv/versions/2.4.1/lib -L/usr/local/opt/openssl/lib -L. -L/Users/e155756/.rbenv/versions/2.4.1/lib  -fstack-protector     -lruby-static -framework CoreFoundation -lcrypto  -lpthread -ldl -lobjc "
=======
"clang -o conftest -I/Users/e155745/.rbenv/versions/2.4.1/include/ruby-2.4.0/x86_64-darwin16 -I/Users/e155745/.rbenv/versions/2.4.1/include/ruby-2.4.0/ruby/backward -I/Users/e155745/.rbenv/versions/2.4.1/include/ruby-2.4.0 -I. -I/usr/local/opt/openssl/include -I/Users/e155745/.rbenv/versions/2.4.1/include  -D_XOPEN_SOURCE -D_DARWIN_C_SOURCE -D_DARWIN_UNLIMITED_SELECT -D_REENTRANT    -O3 -Wno-error=shorten-64-to-32  -pipe conftest.c  -L. -L/Users/e155745/.rbenv/versions/2.4.1/lib -L/usr/local/opt/openssl/lib -L. -L/Users/e155745/.rbenv/versions/2.4.1/lib  -fstack-protector     -lruby-static -framework CoreFoundation -lcrypto  -lpthread -ldl -lobjc "
>>>>>>> ea3b5ecd6b26340ea008e5d05820ff616cadafdf
conftest.c:13:57: error: use of undeclared identifier 'BIO_read'
int t(void) { void ((*volatile p)()); p = (void ((*)()))BIO_read; return !p; }
                                                        ^
1 error generated.
checked program was:
/* begin */
 1: #include "ruby.h"
 2: 
 3: /*top*/
 4: extern int t(void);
 5: int main(int argc, char **argv)
 6: {
 7:   if (argc > 1000000) {
 8:     printf("%p", &t);
 9:   }
10: 
11:   return 0;
12: }
13: int t(void) { void ((*volatile p)()); p = (void ((*)()))BIO_read; return !p; }
/* end */

<<<<<<< HEAD
"clang -o conftest -I/Users/e155756/.rbenv/versions/2.4.1/include/ruby-2.4.0/x86_64-darwin16 -I/Users/e155756/.rbenv/versions/2.4.1/include/ruby-2.4.0/ruby/backward -I/Users/e155756/.rbenv/versions/2.4.1/include/ruby-2.4.0 -I. -I/usr/local/opt/openssl/include -I/Users/e155756/.rbenv/versions/2.4.1/include  -D_XOPEN_SOURCE -D_DARWIN_C_SOURCE -D_DARWIN_UNLIMITED_SELECT -D_REENTRANT   -O3 -fno-fast-math -ggdb3 -Wall -Wextra -Wno-unused-parameter -Wno-parentheses -Wno-long-long -Wno-missing-field-initializers -Wno-tautological-compare -Wno-parentheses-equality -Wno-constant-logical-operand -Wno-self-assign -Wunused-variable -Wimplicit-int -Wpointer-arith -Wwrite-strings -Wdeclaration-after-statement -Wshorten-64-to-32 -Wimplicit-function-declaration -Wdivision-by-zero -Wdeprecated-declarations -Wextra-tokens  -pipe conftest.c  -L. -L/Users/e155756/.rbenv/versions/2.4.1/lib -L/usr/local/opt/openssl/lib -L. -L/Users/e155756/.rbenv/versions/2.4.1/lib  -fstack-protector     -lruby-static -framework CoreFoundation -lcrypto  -lpthread -ldl -lobjc "
=======
"clang -o conftest -I/Users/e155745/.rbenv/versions/2.4.1/include/ruby-2.4.0/x86_64-darwin16 -I/Users/e155745/.rbenv/versions/2.4.1/include/ruby-2.4.0/ruby/backward -I/Users/e155745/.rbenv/versions/2.4.1/include/ruby-2.4.0 -I. -I/usr/local/opt/openssl/include -I/Users/e155745/.rbenv/versions/2.4.1/include  -D_XOPEN_SOURCE -D_DARWIN_C_SOURCE -D_DARWIN_UNLIMITED_SELECT -D_REENTRANT    -O3 -Wno-error=shorten-64-to-32  -pipe conftest.c  -L. -L/Users/e155745/.rbenv/versions/2.4.1/lib -L/usr/local/opt/openssl/lib -L. -L/Users/e155745/.rbenv/versions/2.4.1/lib  -fstack-protector     -lruby-static -framework CoreFoundation -lcrypto  -lpthread -ldl -lobjc "
>>>>>>> ea3b5ecd6b26340ea008e5d05820ff616cadafdf
checked program was:
/* begin */
 1: #include "ruby.h"
 2: 
 3: /*top*/
 4: extern int t(void);
 5: int main(int argc, char **argv)
 6: {
 7:   if (argc > 1000000) {
 8:     printf("%p", &t);
 9:   }
10: 
11:   return 0;
12: }
13: extern void BIO_read();
14: int t(void) { BIO_read(); return 0; }
/* end */

--------------------

have_library: checking for SSL_CTX_new() in -lssl... -------------------- yes

<<<<<<< HEAD
"clang -o conftest -I/Users/e155756/.rbenv/versions/2.4.1/include/ruby-2.4.0/x86_64-darwin16 -I/Users/e155756/.rbenv/versions/2.4.1/include/ruby-2.4.0/ruby/backward -I/Users/e155756/.rbenv/versions/2.4.1/include/ruby-2.4.0 -I. -I/usr/local/opt/openssl/include -I/Users/e155756/.rbenv/versions/2.4.1/include  -D_XOPEN_SOURCE -D_DARWIN_C_SOURCE -D_DARWIN_UNLIMITED_SELECT -D_REENTRANT   -O3 -fno-fast-math -ggdb3 -Wall -Wextra -Wno-unused-parameter -Wno-parentheses -Wno-long-long -Wno-missing-field-initializers -Wno-tautological-compare -Wno-parentheses-equality -Wno-constant-logical-operand -Wno-self-assign -Wunused-variable -Wimplicit-int -Wpointer-arith -Wwrite-strings -Wdeclaration-after-statement -Wshorten-64-to-32 -Wimplicit-function-declaration -Wdivision-by-zero -Wdeprecated-declarations -Wextra-tokens  -pipe conftest.c  -L. -L/Users/e155756/.rbenv/versions/2.4.1/lib -L/usr/local/opt/openssl/lib -L. -L/Users/e155756/.rbenv/versions/2.4.1/lib  -fstack-protector    -lcrypto  -lruby-static -framework CoreFoundation -lssl -lcrypto  -lpthread -ldl -lobjc "
=======
"clang -o conftest -I/Users/e155745/.rbenv/versions/2.4.1/include/ruby-2.4.0/x86_64-darwin16 -I/Users/e155745/.rbenv/versions/2.4.1/include/ruby-2.4.0/ruby/backward -I/Users/e155745/.rbenv/versions/2.4.1/include/ruby-2.4.0 -I. -I/usr/local/opt/openssl/include -I/Users/e155745/.rbenv/versions/2.4.1/include  -D_XOPEN_SOURCE -D_DARWIN_C_SOURCE -D_DARWIN_UNLIMITED_SELECT -D_REENTRANT    -O3 -Wno-error=shorten-64-to-32  -pipe conftest.c  -L. -L/Users/e155745/.rbenv/versions/2.4.1/lib -L/usr/local/opt/openssl/lib -L. -L/Users/e155745/.rbenv/versions/2.4.1/lib  -fstack-protector    -lcrypto  -lruby-static -framework CoreFoundation -lssl -lcrypto  -lpthread -ldl -lobjc "
>>>>>>> ea3b5ecd6b26340ea008e5d05820ff616cadafdf
conftest.c:13:57: error: use of undeclared identifier 'SSL_CTX_new'
int t(void) { void ((*volatile p)()); p = (void ((*)()))SSL_CTX_new; return !p; }
                                                        ^
1 error generated.
checked program was:
/* begin */
 1: #include "ruby.h"
 2: 
 3: /*top*/
 4: extern int t(void);
 5: int main(int argc, char **argv)
 6: {
 7:   if (argc > 1000000) {
 8:     printf("%p", &t);
 9:   }
10: 
11:   return 0;
12: }
13: int t(void) { void ((*volatile p)()); p = (void ((*)()))SSL_CTX_new; return !p; }
/* end */

<<<<<<< HEAD
"clang -o conftest -I/Users/e155756/.rbenv/versions/2.4.1/include/ruby-2.4.0/x86_64-darwin16 -I/Users/e155756/.rbenv/versions/2.4.1/include/ruby-2.4.0/ruby/backward -I/Users/e155756/.rbenv/versions/2.4.1/include/ruby-2.4.0 -I. -I/usr/local/opt/openssl/include -I/Users/e155756/.rbenv/versions/2.4.1/include  -D_XOPEN_SOURCE -D_DARWIN_C_SOURCE -D_DARWIN_UNLIMITED_SELECT -D_REENTRANT   -O3 -fno-fast-math -ggdb3 -Wall -Wextra -Wno-unused-parameter -Wno-parentheses -Wno-long-long -Wno-missing-field-initializers -Wno-tautological-compare -Wno-parentheses-equality -Wno-constant-logical-operand -Wno-self-assign -Wunused-variable -Wimplicit-int -Wpointer-arith -Wwrite-strings -Wdeclaration-after-statement -Wshorten-64-to-32 -Wimplicit-function-declaration -Wdivision-by-zero -Wdeprecated-declarations -Wextra-tokens  -pipe conftest.c  -L. -L/Users/e155756/.rbenv/versions/2.4.1/lib -L/usr/local/opt/openssl/lib -L. -L/Users/e155756/.rbenv/versions/2.4.1/lib  -fstack-protector    -lcrypto  -lruby-static -framework CoreFoundation -lssl -lcrypto  -lpthread -ldl -lobjc "
=======
"clang -o conftest -I/Users/e155745/.rbenv/versions/2.4.1/include/ruby-2.4.0/x86_64-darwin16 -I/Users/e155745/.rbenv/versions/2.4.1/include/ruby-2.4.0/ruby/backward -I/Users/e155745/.rbenv/versions/2.4.1/include/ruby-2.4.0 -I. -I/usr/local/opt/openssl/include -I/Users/e155745/.rbenv/versions/2.4.1/include  -D_XOPEN_SOURCE -D_DARWIN_C_SOURCE -D_DARWIN_UNLIMITED_SELECT -D_REENTRANT    -O3 -Wno-error=shorten-64-to-32  -pipe conftest.c  -L. -L/Users/e155745/.rbenv/versions/2.4.1/lib -L/usr/local/opt/openssl/lib -L. -L/Users/e155745/.rbenv/versions/2.4.1/lib  -fstack-protector    -lcrypto  -lruby-static -framework CoreFoundation -lssl -lcrypto  -lpthread -ldl -lobjc "
>>>>>>> ea3b5ecd6b26340ea008e5d05820ff616cadafdf
checked program was:
/* begin */
 1: #include "ruby.h"
 2: 
 3: /*top*/
 4: extern int t(void);
 5: int main(int argc, char **argv)
 6: {
 7:   if (argc > 1000000) {
 8:     printf("%p", &t);
 9:   }
10: 
11:   return 0;
12: }
13: extern void SSL_CTX_new();
14: int t(void) { SSL_CTX_new(); return 0; }
/* end */

--------------------

have_header: checking for openssl/bio.h... -------------------- yes

<<<<<<< HEAD
"clang -E -I/Users/e155756/.rbenv/versions/2.4.1/include/ruby-2.4.0/x86_64-darwin16 -I/Users/e155756/.rbenv/versions/2.4.1/include/ruby-2.4.0/ruby/backward -I/Users/e155756/.rbenv/versions/2.4.1/include/ruby-2.4.0 -I. -I/usr/local/opt/openssl/include -I/Users/e155756/.rbenv/versions/2.4.1/include  -D_XOPEN_SOURCE -D_DARWIN_C_SOURCE -D_DARWIN_UNLIMITED_SELECT -D_REENTRANT   -O3 -fno-fast-math -ggdb3 -Wall -Wextra -Wno-unused-parameter -Wno-parentheses -Wno-long-long -Wno-missing-field-initializers -Wno-tautological-compare -Wno-parentheses-equality -Wno-constant-logical-operand -Wno-self-assign -Wunused-variable -Wimplicit-int -Wpointer-arith -Wwrite-strings -Wdeclaration-after-statement -Wshorten-64-to-32 -Wimplicit-function-declaration -Wdivision-by-zero -Wdeprecated-declarations -Wextra-tokens  -pipe  conftest.c -o conftest.i"
=======
"clang -E -I/Users/e155745/.rbenv/versions/2.4.1/include/ruby-2.4.0/x86_64-darwin16 -I/Users/e155745/.rbenv/versions/2.4.1/include/ruby-2.4.0/ruby/backward -I/Users/e155745/.rbenv/versions/2.4.1/include/ruby-2.4.0 -I. -I/usr/local/opt/openssl/include -I/Users/e155745/.rbenv/versions/2.4.1/include  -D_XOPEN_SOURCE -D_DARWIN_C_SOURCE -D_DARWIN_UNLIMITED_SELECT -D_REENTRANT    -O3 -Wno-error=shorten-64-to-32  -pipe  conftest.c -o conftest.i"
>>>>>>> ea3b5ecd6b26340ea008e5d05820ff616cadafdf
checked program was:
/* begin */
1: #include "ruby.h"
2: 
3: #include <openssl/bio.h>
/* end */

--------------------

