"pkg-config --exists libffi"
package configuration for libffi is not found
have_header: checking for ffi.h... -------------------- no

<<<<<<< HEAD
"clang -o conftest -I/Users/e155756/.rbenv/versions/2.4.1/include/ruby-2.4.0/x86_64-darwin16 -I/Users/e155756/.rbenv/versions/2.4.1/include/ruby-2.4.0/ruby/backward -I/Users/e155756/.rbenv/versions/2.4.1/include/ruby-2.4.0 -I. -I/Users/e155756/.rbenv/versions/2.4.1/include  -D_XOPEN_SOURCE -D_DARWIN_C_SOURCE -D_DARWIN_UNLIMITED_SELECT -D_REENTRANT   -O3 -fno-fast-math -ggdb3 -Wall -Wextra -Wno-unused-parameter -Wno-parentheses -Wno-long-long -Wno-missing-field-initializers -Wno-tautological-compare -Wno-parentheses-equality -Wno-constant-logical-operand -Wno-self-assign -Wunused-variable -Wimplicit-int -Wpointer-arith -Wwrite-strings -Wdeclaration-after-statement -Wshorten-64-to-32 -Wimplicit-function-declaration -Wdivision-by-zero -Wdeprecated-declarations -Wextra-tokens  -pipe conftest.c  -L. -L/Users/e155756/.rbenv/versions/2.4.1/lib -L. -L/Users/e155756/.rbenv/versions/2.4.1/lib  -fstack-protector     -lruby-static -framework CoreFoundation  -lpthread -ldl -lobjc "
=======
"clang -o conftest -I/Users/e155745/.rbenv/versions/2.4.1/include/ruby-2.4.0/x86_64-darwin16 -I/Users/e155745/.rbenv/versions/2.4.1/include/ruby-2.4.0/ruby/backward -I/Users/e155745/.rbenv/versions/2.4.1/include/ruby-2.4.0 -I. -I/Users/e155745/.rbenv/versions/2.4.1/include  -D_XOPEN_SOURCE -D_DARWIN_C_SOURCE -D_DARWIN_UNLIMITED_SELECT -D_REENTRANT    -O3 -Wno-error=shorten-64-to-32  -pipe conftest.c  -L. -L/Users/e155745/.rbenv/versions/2.4.1/lib -L. -L/Users/e155745/.rbenv/versions/2.4.1/lib  -fstack-protector     -lruby-static -framework CoreFoundation  -lpthread -ldl -lobjc "
>>>>>>> ea3b5ecd6b26340ea008e5d05820ff616cadafdf
checked program was:
/* begin */
1: #include "ruby.h"
2: 
3: int main(int argc, char **argv)
4: {
5:   return 0;
6: }
/* end */

<<<<<<< HEAD
"clang -E -I/Users/e155756/.rbenv/versions/2.4.1/include/ruby-2.4.0/x86_64-darwin16 -I/Users/e155756/.rbenv/versions/2.4.1/include/ruby-2.4.0/ruby/backward -I/Users/e155756/.rbenv/versions/2.4.1/include/ruby-2.4.0 -I. -I/Users/e155756/.rbenv/versions/2.4.1/include  -D_XOPEN_SOURCE -D_DARWIN_C_SOURCE -D_DARWIN_UNLIMITED_SELECT -D_REENTRANT   -O3 -fno-fast-math -ggdb3 -Wall -Wextra -Wno-unused-parameter -Wno-parentheses -Wno-long-long -Wno-missing-field-initializers -Wno-tautological-compare -Wno-parentheses-equality -Wno-constant-logical-operand -Wno-self-assign -Wunused-variable -Wimplicit-int -Wpointer-arith -Wwrite-strings -Wdeclaration-after-statement -Wshorten-64-to-32 -Wimplicit-function-declaration -Wdivision-by-zero -Wdeprecated-declarations -Wextra-tokens  -pipe  conftest.c -o conftest.i"
=======
"clang -E -I/Users/e155745/.rbenv/versions/2.4.1/include/ruby-2.4.0/x86_64-darwin16 -I/Users/e155745/.rbenv/versions/2.4.1/include/ruby-2.4.0/ruby/backward -I/Users/e155745/.rbenv/versions/2.4.1/include/ruby-2.4.0 -I. -I/Users/e155745/.rbenv/versions/2.4.1/include  -D_XOPEN_SOURCE -D_DARWIN_C_SOURCE -D_DARWIN_UNLIMITED_SELECT -D_REENTRANT    -O3 -Wno-error=shorten-64-to-32  -pipe  conftest.c -o conftest.i"
>>>>>>> ea3b5ecd6b26340ea008e5d05820ff616cadafdf
conftest.c:3:10: fatal error: 'ffi.h' file not found
#include <ffi.h>
         ^
1 error generated.
checked program was:
/* begin */
1: #include "ruby.h"
2: 
3: #include <ffi.h>
/* end */

--------------------

find_header: checking for ffi.h in /usr/local/include,/usr/include/ffi... -------------------- no

<<<<<<< HEAD
"clang -E -I/Users/e155756/.rbenv/versions/2.4.1/include/ruby-2.4.0/x86_64-darwin16 -I/Users/e155756/.rbenv/versions/2.4.1/include/ruby-2.4.0/ruby/backward -I/Users/e155756/.rbenv/versions/2.4.1/include/ruby-2.4.0 -I. -I/Users/e155756/.rbenv/versions/2.4.1/include  -D_XOPEN_SOURCE -D_DARWIN_C_SOURCE -D_DARWIN_UNLIMITED_SELECT -D_REENTRANT   -O3 -fno-fast-math -ggdb3 -Wall -Wextra -Wno-unused-parameter -Wno-parentheses -Wno-long-long -Wno-missing-field-initializers -Wno-tautological-compare -Wno-parentheses-equality -Wno-constant-logical-operand -Wno-self-assign -Wunused-variable -Wimplicit-int -Wpointer-arith -Wwrite-strings -Wdeclaration-after-statement -Wshorten-64-to-32 -Wimplicit-function-declaration -Wdivision-by-zero -Wdeprecated-declarations -Wextra-tokens  -pipe  conftest.c -o conftest.i"
=======
"clang -E -I/Users/e155745/.rbenv/versions/2.4.1/include/ruby-2.4.0/x86_64-darwin16 -I/Users/e155745/.rbenv/versions/2.4.1/include/ruby-2.4.0/ruby/backward -I/Users/e155745/.rbenv/versions/2.4.1/include/ruby-2.4.0 -I. -I/Users/e155745/.rbenv/versions/2.4.1/include  -D_XOPEN_SOURCE -D_DARWIN_C_SOURCE -D_DARWIN_UNLIMITED_SELECT -D_REENTRANT    -O3 -Wno-error=shorten-64-to-32  -pipe  conftest.c -o conftest.i"
>>>>>>> ea3b5ecd6b26340ea008e5d05820ff616cadafdf
conftest.c:3:10: fatal error: 'ffi.h' file not found
#include <ffi.h>
         ^
1 error generated.
checked program was:
/* begin */
1: #include "ruby.h"
2: 
3: #include <ffi.h>
/* end */

<<<<<<< HEAD
"clang -E -I/Users/e155756/.rbenv/versions/2.4.1/include/ruby-2.4.0/x86_64-darwin16 -I/Users/e155756/.rbenv/versions/2.4.1/include/ruby-2.4.0/ruby/backward -I/Users/e155756/.rbenv/versions/2.4.1/include/ruby-2.4.0 -I. -I/Users/e155756/.rbenv/versions/2.4.1/include  -D_XOPEN_SOURCE -D_DARWIN_C_SOURCE -D_DARWIN_UNLIMITED_SELECT -D_REENTRANT   -O3 -fno-fast-math -ggdb3 -Wall -Wextra -Wno-unused-parameter -Wno-parentheses -Wno-long-long -Wno-missing-field-initializers -Wno-tautological-compare -Wno-parentheses-equality -Wno-constant-logical-operand -Wno-self-assign -Wunused-variable -Wimplicit-int -Wpointer-arith -Wwrite-strings -Wdeclaration-after-statement -Wshorten-64-to-32 -Wimplicit-function-declaration -Wdivision-by-zero -Wdeprecated-declarations -Wextra-tokens  -pipe -I/usr/local/include conftest.c -o conftest.i"
=======
"clang -E -I/Users/e155745/.rbenv/versions/2.4.1/include/ruby-2.4.0/x86_64-darwin16 -I/Users/e155745/.rbenv/versions/2.4.1/include/ruby-2.4.0/ruby/backward -I/Users/e155745/.rbenv/versions/2.4.1/include/ruby-2.4.0 -I. -I/Users/e155745/.rbenv/versions/2.4.1/include  -D_XOPEN_SOURCE -D_DARWIN_C_SOURCE -D_DARWIN_UNLIMITED_SELECT -D_REENTRANT    -O3 -Wno-error=shorten-64-to-32  -pipe -I/usr/local/include conftest.c -o conftest.i"
>>>>>>> ea3b5ecd6b26340ea008e5d05820ff616cadafdf
conftest.c:3:10: fatal error: 'ffi.h' file not found
#include <ffi.h>
         ^
1 error generated.
checked program was:
/* begin */
1: #include "ruby.h"
2: 
3: #include <ffi.h>
/* end */

<<<<<<< HEAD
"clang -E -I/Users/e155756/.rbenv/versions/2.4.1/include/ruby-2.4.0/x86_64-darwin16 -I/Users/e155756/.rbenv/versions/2.4.1/include/ruby-2.4.0/ruby/backward -I/Users/e155756/.rbenv/versions/2.4.1/include/ruby-2.4.0 -I. -I/Users/e155756/.rbenv/versions/2.4.1/include  -D_XOPEN_SOURCE -D_DARWIN_C_SOURCE -D_DARWIN_UNLIMITED_SELECT -D_REENTRANT   -O3 -fno-fast-math -ggdb3 -Wall -Wextra -Wno-unused-parameter -Wno-parentheses -Wno-long-long -Wno-missing-field-initializers -Wno-tautological-compare -Wno-parentheses-equality -Wno-constant-logical-operand -Wno-self-assign -Wunused-variable -Wimplicit-int -Wpointer-arith -Wwrite-strings -Wdeclaration-after-statement -Wshorten-64-to-32 -Wimplicit-function-declaration -Wdivision-by-zero -Wdeprecated-declarations -Wextra-tokens  -pipe -I/usr/include/ffi conftest.c -o conftest.i"
=======
"clang -E -I/Users/e155745/.rbenv/versions/2.4.1/include/ruby-2.4.0/x86_64-darwin16 -I/Users/e155745/.rbenv/versions/2.4.1/include/ruby-2.4.0/ruby/backward -I/Users/e155745/.rbenv/versions/2.4.1/include/ruby-2.4.0 -I. -I/Users/e155745/.rbenv/versions/2.4.1/include  -D_XOPEN_SOURCE -D_DARWIN_C_SOURCE -D_DARWIN_UNLIMITED_SELECT -D_REENTRANT    -O3 -Wno-error=shorten-64-to-32  -pipe -I/usr/include/ffi conftest.c -o conftest.i"
>>>>>>> ea3b5ecd6b26340ea008e5d05820ff616cadafdf
conftest.c:3:10: fatal error: 'ffi.h' file not found
#include <ffi.h>
         ^
1 error generated.
checked program was:
/* begin */
1: #include "ruby.h"
2: 
3: #include <ffi.h>
/* end */

--------------------

have_header: checking for shlwapi.h... -------------------- no

<<<<<<< HEAD
"clang -E -I/Users/e155756/.rbenv/versions/2.4.1/include/ruby-2.4.0/x86_64-darwin16 -I/Users/e155756/.rbenv/versions/2.4.1/include/ruby-2.4.0/ruby/backward -I/Users/e155756/.rbenv/versions/2.4.1/include/ruby-2.4.0 -I. -I/Users/e155756/.rbenv/versions/2.4.1/include  -D_XOPEN_SOURCE -D_DARWIN_C_SOURCE -D_DARWIN_UNLIMITED_SELECT -D_REENTRANT   -O3 -fno-fast-math -ggdb3 -Wall -Wextra -Wno-unused-parameter -Wno-parentheses -Wno-long-long -Wno-missing-field-initializers -Wno-tautological-compare -Wno-parentheses-equality -Wno-constant-logical-operand -Wno-self-assign -Wunused-variable -Wimplicit-int -Wpointer-arith -Wwrite-strings -Wdeclaration-after-statement -Wshorten-64-to-32 -Wimplicit-function-declaration -Wdivision-by-zero -Wdeprecated-declarations -Wextra-tokens  -pipe  conftest.c -o conftest.i"
=======
"clang -E -I/Users/e155745/.rbenv/versions/2.4.1/include/ruby-2.4.0/x86_64-darwin16 -I/Users/e155745/.rbenv/versions/2.4.1/include/ruby-2.4.0/ruby/backward -I/Users/e155745/.rbenv/versions/2.4.1/include/ruby-2.4.0 -I. -I/Users/e155745/.rbenv/versions/2.4.1/include  -D_XOPEN_SOURCE -D_DARWIN_C_SOURCE -D_DARWIN_UNLIMITED_SELECT -D_REENTRANT    -O3 -Wno-error=shorten-64-to-32  -pipe  conftest.c -o conftest.i"
>>>>>>> ea3b5ecd6b26340ea008e5d05820ff616cadafdf
conftest.c:3:10: fatal error: 'shlwapi.h' file not found
#include <shlwapi.h>
         ^
1 error generated.
checked program was:
/* begin */
1: #include "ruby.h"
2: 
3: #include <shlwapi.h>
/* end */

--------------------

have_func: checking for rb_thread_blocking_region()... -------------------- no

<<<<<<< HEAD
"clang -o conftest -I/Users/e155756/.rbenv/versions/2.4.1/include/ruby-2.4.0/x86_64-darwin16 -I/Users/e155756/.rbenv/versions/2.4.1/include/ruby-2.4.0/ruby/backward -I/Users/e155756/.rbenv/versions/2.4.1/include/ruby-2.4.0 -I. -I/Users/e155756/.rbenv/versions/2.4.1/include  -D_XOPEN_SOURCE -D_DARWIN_C_SOURCE -D_DARWIN_UNLIMITED_SELECT -D_REENTRANT   -O3 -fno-fast-math -ggdb3 -Wall -Wextra -Wno-unused-parameter -Wno-parentheses -Wno-long-long -Wno-missing-field-initializers -Wno-tautological-compare -Wno-parentheses-equality -Wno-constant-logical-operand -Wno-self-assign -Wunused-variable -Wimplicit-int -Wpointer-arith -Wwrite-strings -Wdeclaration-after-statement -Wshorten-64-to-32 -Wimplicit-function-declaration -Wdivision-by-zero -Wdeprecated-declarations -Wextra-tokens  -pipe conftest.c  -L. -L/Users/e155756/.rbenv/versions/2.4.1/lib -L. -L/Users/e155756/.rbenv/versions/2.4.1/lib  -fstack-protector     -lruby-static -framework CoreFoundation  -lpthread -ldl -lobjc "
=======
"clang -o conftest -I/Users/e155745/.rbenv/versions/2.4.1/include/ruby-2.4.0/x86_64-darwin16 -I/Users/e155745/.rbenv/versions/2.4.1/include/ruby-2.4.0/ruby/backward -I/Users/e155745/.rbenv/versions/2.4.1/include/ruby-2.4.0 -I. -I/Users/e155745/.rbenv/versions/2.4.1/include  -D_XOPEN_SOURCE -D_DARWIN_C_SOURCE -D_DARWIN_UNLIMITED_SELECT -D_REENTRANT    -O3 -Wno-error=shorten-64-to-32  -pipe conftest.c  -L. -L/Users/e155745/.rbenv/versions/2.4.1/lib -L. -L/Users/e155745/.rbenv/versions/2.4.1/lib  -fstack-protector     -lruby-static -framework CoreFoundation  -lpthread -ldl -lobjc "
>>>>>>> ea3b5ecd6b26340ea008e5d05820ff616cadafdf
conftest.c:13:57: error: use of undeclared identifier 'rb_thread_blocking_region'
int t(void) { void ((*volatile p)()); p = (void ((*)()))rb_thread_blocking_region; return !p; }
                                                        ^
1 error generated.
checked program was:
/* begin */
 1: #include "ruby.h"
 2: 
 3: /*top*/
 4: extern int t(void);
 5: int main(int argc, char **argv)
 6: {
 7:   if (argc > 1000000) {
 8:     printf("%p", &t);
 9:   }
10: 
11:   return 0;
12: }
13: int t(void) { void ((*volatile p)()); p = (void ((*)()))rb_thread_blocking_region; return !p; }
/* end */

<<<<<<< HEAD
"clang -o conftest -I/Users/e155756/.rbenv/versions/2.4.1/include/ruby-2.4.0/x86_64-darwin16 -I/Users/e155756/.rbenv/versions/2.4.1/include/ruby-2.4.0/ruby/backward -I/Users/e155756/.rbenv/versions/2.4.1/include/ruby-2.4.0 -I. -I/Users/e155756/.rbenv/versions/2.4.1/include  -D_XOPEN_SOURCE -D_DARWIN_C_SOURCE -D_DARWIN_UNLIMITED_SELECT -D_REENTRANT   -O3 -fno-fast-math -ggdb3 -Wall -Wextra -Wno-unused-parameter -Wno-parentheses -Wno-long-long -Wno-missing-field-initializers -Wno-tautological-compare -Wno-parentheses-equality -Wno-constant-logical-operand -Wno-self-assign -Wunused-variable -Wimplicit-int -Wpointer-arith -Wwrite-strings -Wdeclaration-after-statement -Wshorten-64-to-32 -Wimplicit-function-declaration -Wdivision-by-zero -Wdeprecated-declarations -Wextra-tokens  -pipe conftest.c  -L. -L/Users/e155756/.rbenv/versions/2.4.1/lib -L. -L/Users/e155756/.rbenv/versions/2.4.1/lib  -fstack-protector     -lruby-static -framework CoreFoundation  -lpthread -ldl -lobjc "
Undefined symbols for architecture x86_64:
  "_rb_thread_blocking_region", referenced from:
      _t in conftest-346f72.o
=======
"clang -o conftest -I/Users/e155745/.rbenv/versions/2.4.1/include/ruby-2.4.0/x86_64-darwin16 -I/Users/e155745/.rbenv/versions/2.4.1/include/ruby-2.4.0/ruby/backward -I/Users/e155745/.rbenv/versions/2.4.1/include/ruby-2.4.0 -I. -I/Users/e155745/.rbenv/versions/2.4.1/include  -D_XOPEN_SOURCE -D_DARWIN_C_SOURCE -D_DARWIN_UNLIMITED_SELECT -D_REENTRANT    -O3 -Wno-error=shorten-64-to-32  -pipe conftest.c  -L. -L/Users/e155745/.rbenv/versions/2.4.1/lib -L. -L/Users/e155745/.rbenv/versions/2.4.1/lib  -fstack-protector     -lruby-static -framework CoreFoundation  -lpthread -ldl -lobjc "
Undefined symbols for architecture x86_64:
  "_rb_thread_blocking_region", referenced from:
      _t in conftest-0faff6.o
>>>>>>> ea3b5ecd6b26340ea008e5d05820ff616cadafdf
ld: symbol(s) not found for architecture x86_64
clang: error: linker command failed with exit code 1 (use -v to see invocation)
checked program was:
/* begin */
 1: #include "ruby.h"
 2: 
 3: /*top*/
 4: extern int t(void);
 5: int main(int argc, char **argv)
 6: {
 7:   if (argc > 1000000) {
 8:     printf("%p", &t);
 9:   }
10: 
11:   return 0;
12: }
13: extern void rb_thread_blocking_region();
14: int t(void) { rb_thread_blocking_region(); return 0; }
/* end */

--------------------

have_func: checking for rb_thread_call_with_gvl()... -------------------- yes

<<<<<<< HEAD
"clang -o conftest -I/Users/e155756/.rbenv/versions/2.4.1/include/ruby-2.4.0/x86_64-darwin16 -I/Users/e155756/.rbenv/versions/2.4.1/include/ruby-2.4.0/ruby/backward -I/Users/e155756/.rbenv/versions/2.4.1/include/ruby-2.4.0 -I. -I/Users/e155756/.rbenv/versions/2.4.1/include  -D_XOPEN_SOURCE -D_DARWIN_C_SOURCE -D_DARWIN_UNLIMITED_SELECT -D_REENTRANT   -O3 -fno-fast-math -ggdb3 -Wall -Wextra -Wno-unused-parameter -Wno-parentheses -Wno-long-long -Wno-missing-field-initializers -Wno-tautological-compare -Wno-parentheses-equality -Wno-constant-logical-operand -Wno-self-assign -Wunused-variable -Wimplicit-int -Wpointer-arith -Wwrite-strings -Wdeclaration-after-statement -Wshorten-64-to-32 -Wimplicit-function-declaration -Wdivision-by-zero -Wdeprecated-declarations -Wextra-tokens  -pipe conftest.c  -L. -L/Users/e155756/.rbenv/versions/2.4.1/lib -L. -L/Users/e155756/.rbenv/versions/2.4.1/lib  -fstack-protector     -lruby-static -framework CoreFoundation  -lpthread -ldl -lobjc "
=======
"clang -o conftest -I/Users/e155745/.rbenv/versions/2.4.1/include/ruby-2.4.0/x86_64-darwin16 -I/Users/e155745/.rbenv/versions/2.4.1/include/ruby-2.4.0/ruby/backward -I/Users/e155745/.rbenv/versions/2.4.1/include/ruby-2.4.0 -I. -I/Users/e155745/.rbenv/versions/2.4.1/include  -D_XOPEN_SOURCE -D_DARWIN_C_SOURCE -D_DARWIN_UNLIMITED_SELECT -D_REENTRANT    -O3 -Wno-error=shorten-64-to-32  -pipe conftest.c  -L. -L/Users/e155745/.rbenv/versions/2.4.1/lib -L. -L/Users/e155745/.rbenv/versions/2.4.1/lib  -fstack-protector     -lruby-static -framework CoreFoundation  -lpthread -ldl -lobjc "
>>>>>>> ea3b5ecd6b26340ea008e5d05820ff616cadafdf
conftest.c:13:57: error: use of undeclared identifier 'rb_thread_call_with_gvl'
int t(void) { void ((*volatile p)()); p = (void ((*)()))rb_thread_call_with_gvl; return !p; }
                                                        ^
1 error generated.
checked program was:
/* begin */
 1: #include "ruby.h"
 2: 
 3: /*top*/
 4: extern int t(void);
 5: int main(int argc, char **argv)
 6: {
 7:   if (argc > 1000000) {
 8:     printf("%p", &t);
 9:   }
10: 
11:   return 0;
12: }
13: int t(void) { void ((*volatile p)()); p = (void ((*)()))rb_thread_call_with_gvl; return !p; }
/* end */

<<<<<<< HEAD
"clang -o conftest -I/Users/e155756/.rbenv/versions/2.4.1/include/ruby-2.4.0/x86_64-darwin16 -I/Users/e155756/.rbenv/versions/2.4.1/include/ruby-2.4.0/ruby/backward -I/Users/e155756/.rbenv/versions/2.4.1/include/ruby-2.4.0 -I. -I/Users/e155756/.rbenv/versions/2.4.1/include  -D_XOPEN_SOURCE -D_DARWIN_C_SOURCE -D_DARWIN_UNLIMITED_SELECT -D_REENTRANT   -O3 -fno-fast-math -ggdb3 -Wall -Wextra -Wno-unused-parameter -Wno-parentheses -Wno-long-long -Wno-missing-field-initializers -Wno-tautological-compare -Wno-parentheses-equality -Wno-constant-logical-operand -Wno-self-assign -Wunused-variable -Wimplicit-int -Wpointer-arith -Wwrite-strings -Wdeclaration-after-statement -Wshorten-64-to-32 -Wimplicit-function-declaration -Wdivision-by-zero -Wdeprecated-declarations -Wextra-tokens  -pipe conftest.c  -L. -L/Users/e155756/.rbenv/versions/2.4.1/lib -L. -L/Users/e155756/.rbenv/versions/2.4.1/lib  -fstack-protector     -lruby-static -framework CoreFoundation  -lpthread -ldl -lobjc "
=======
"clang -o conftest -I/Users/e155745/.rbenv/versions/2.4.1/include/ruby-2.4.0/x86_64-darwin16 -I/Users/e155745/.rbenv/versions/2.4.1/include/ruby-2.4.0/ruby/backward -I/Users/e155745/.rbenv/versions/2.4.1/include/ruby-2.4.0 -I. -I/Users/e155745/.rbenv/versions/2.4.1/include  -D_XOPEN_SOURCE -D_DARWIN_C_SOURCE -D_DARWIN_UNLIMITED_SELECT -D_REENTRANT    -O3 -Wno-error=shorten-64-to-32  -pipe conftest.c  -L. -L/Users/e155745/.rbenv/versions/2.4.1/lib -L. -L/Users/e155745/.rbenv/versions/2.4.1/lib  -fstack-protector     -lruby-static -framework CoreFoundation  -lpthread -ldl -lobjc "
>>>>>>> ea3b5ecd6b26340ea008e5d05820ff616cadafdf
checked program was:
/* begin */
 1: #include "ruby.h"
 2: 
 3: /*top*/
 4: extern int t(void);
 5: int main(int argc, char **argv)
 6: {
 7:   if (argc > 1000000) {
 8:     printf("%p", &t);
 9:   }
10: 
11:   return 0;
12: }
13: extern void rb_thread_call_with_gvl();
14: int t(void) { rb_thread_call_with_gvl(); return 0; }
/* end */

--------------------

have_func: checking for rb_thread_call_without_gvl()... -------------------- yes

<<<<<<< HEAD
"clang -o conftest -I/Users/e155756/.rbenv/versions/2.4.1/include/ruby-2.4.0/x86_64-darwin16 -I/Users/e155756/.rbenv/versions/2.4.1/include/ruby-2.4.0/ruby/backward -I/Users/e155756/.rbenv/versions/2.4.1/include/ruby-2.4.0 -I. -I/Users/e155756/.rbenv/versions/2.4.1/include  -D_XOPEN_SOURCE -D_DARWIN_C_SOURCE -D_DARWIN_UNLIMITED_SELECT -D_REENTRANT   -O3 -fno-fast-math -ggdb3 -Wall -Wextra -Wno-unused-parameter -Wno-parentheses -Wno-long-long -Wno-missing-field-initializers -Wno-tautological-compare -Wno-parentheses-equality -Wno-constant-logical-operand -Wno-self-assign -Wunused-variable -Wimplicit-int -Wpointer-arith -Wwrite-strings -Wdeclaration-after-statement -Wshorten-64-to-32 -Wimplicit-function-declaration -Wdivision-by-zero -Wdeprecated-declarations -Wextra-tokens  -pipe conftest.c  -L. -L/Users/e155756/.rbenv/versions/2.4.1/lib -L. -L/Users/e155756/.rbenv/versions/2.4.1/lib  -fstack-protector     -lruby-static -framework CoreFoundation  -lpthread -ldl -lobjc "
=======
"clang -o conftest -I/Users/e155745/.rbenv/versions/2.4.1/include/ruby-2.4.0/x86_64-darwin16 -I/Users/e155745/.rbenv/versions/2.4.1/include/ruby-2.4.0/ruby/backward -I/Users/e155745/.rbenv/versions/2.4.1/include/ruby-2.4.0 -I. -I/Users/e155745/.rbenv/versions/2.4.1/include  -D_XOPEN_SOURCE -D_DARWIN_C_SOURCE -D_DARWIN_UNLIMITED_SELECT -D_REENTRANT    -O3 -Wno-error=shorten-64-to-32  -pipe conftest.c  -L. -L/Users/e155745/.rbenv/versions/2.4.1/lib -L. -L/Users/e155745/.rbenv/versions/2.4.1/lib  -fstack-protector     -lruby-static -framework CoreFoundation  -lpthread -ldl -lobjc "
>>>>>>> ea3b5ecd6b26340ea008e5d05820ff616cadafdf
conftest.c:13:57: error: use of undeclared identifier 'rb_thread_call_without_gvl'
int t(void) { void ((*volatile p)()); p = (void ((*)()))rb_thread_call_without_gvl; return !p; }
                                                        ^
1 error generated.
checked program was:
/* begin */
 1: #include "ruby.h"
 2: 
 3: /*top*/
 4: extern int t(void);
 5: int main(int argc, char **argv)
 6: {
 7:   if (argc > 1000000) {
 8:     printf("%p", &t);
 9:   }
10: 
11:   return 0;
12: }
13: int t(void) { void ((*volatile p)()); p = (void ((*)()))rb_thread_call_without_gvl; return !p; }
/* end */

<<<<<<< HEAD
"clang -o conftest -I/Users/e155756/.rbenv/versions/2.4.1/include/ruby-2.4.0/x86_64-darwin16 -I/Users/e155756/.rbenv/versions/2.4.1/include/ruby-2.4.0/ruby/backward -I/Users/e155756/.rbenv/versions/2.4.1/include/ruby-2.4.0 -I. -I/Users/e155756/.rbenv/versions/2.4.1/include  -D_XOPEN_SOURCE -D_DARWIN_C_SOURCE -D_DARWIN_UNLIMITED_SELECT -D_REENTRANT   -O3 -fno-fast-math -ggdb3 -Wall -Wextra -Wno-unused-parameter -Wno-parentheses -Wno-long-long -Wno-missing-field-initializers -Wno-tautological-compare -Wno-parentheses-equality -Wno-constant-logical-operand -Wno-self-assign -Wunused-variable -Wimplicit-int -Wpointer-arith -Wwrite-strings -Wdeclaration-after-statement -Wshorten-64-to-32 -Wimplicit-function-declaration -Wdivision-by-zero -Wdeprecated-declarations -Wextra-tokens  -pipe conftest.c  -L. -L/Users/e155756/.rbenv/versions/2.4.1/lib -L. -L/Users/e155756/.rbenv/versions/2.4.1/lib  -fstack-protector     -lruby-static -framework CoreFoundation  -lpthread -ldl -lobjc "
=======
"clang -o conftest -I/Users/e155745/.rbenv/versions/2.4.1/include/ruby-2.4.0/x86_64-darwin16 -I/Users/e155745/.rbenv/versions/2.4.1/include/ruby-2.4.0/ruby/backward -I/Users/e155745/.rbenv/versions/2.4.1/include/ruby-2.4.0 -I. -I/Users/e155745/.rbenv/versions/2.4.1/include  -D_XOPEN_SOURCE -D_DARWIN_C_SOURCE -D_DARWIN_UNLIMITED_SELECT -D_REENTRANT    -O3 -Wno-error=shorten-64-to-32  -pipe conftest.c  -L. -L/Users/e155745/.rbenv/versions/2.4.1/lib -L. -L/Users/e155745/.rbenv/versions/2.4.1/lib  -fstack-protector     -lruby-static -framework CoreFoundation  -lpthread -ldl -lobjc "
>>>>>>> ea3b5ecd6b26340ea008e5d05820ff616cadafdf
checked program was:
/* begin */
 1: #include "ruby.h"
 2: 
 3: /*top*/
 4: extern int t(void);
 5: int main(int argc, char **argv)
 6: {
 7:   if (argc > 1000000) {
 8:     printf("%p", &t);
 9:   }
10: 
11:   return 0;
12: }
13: extern void rb_thread_call_without_gvl();
14: int t(void) { rb_thread_call_without_gvl(); return 0; }
/* end */

--------------------

have_func: checking for ffi_prep_cif_var()... -------------------- no

<<<<<<< HEAD
"clang -o conftest -I/Users/e155756/.rbenv/versions/2.4.1/include/ruby-2.4.0/x86_64-darwin16 -I/Users/e155756/.rbenv/versions/2.4.1/include/ruby-2.4.0/ruby/backward -I/Users/e155756/.rbenv/versions/2.4.1/include/ruby-2.4.0 -I. -I/Users/e155756/.rbenv/versions/2.4.1/include  -D_XOPEN_SOURCE -D_DARWIN_C_SOURCE -D_DARWIN_UNLIMITED_SELECT -D_REENTRANT   -O3 -fno-fast-math -ggdb3 -Wall -Wextra -Wno-unused-parameter -Wno-parentheses -Wno-long-long -Wno-missing-field-initializers -Wno-tautological-compare -Wno-parentheses-equality -Wno-constant-logical-operand -Wno-self-assign -Wunused-variable -Wimplicit-int -Wpointer-arith -Wwrite-strings -Wdeclaration-after-statement -Wshorten-64-to-32 -Wimplicit-function-declaration -Wdivision-by-zero -Wdeprecated-declarations -Wextra-tokens  -pipe conftest.c  -L. -L/Users/e155756/.rbenv/versions/2.4.1/lib -L. -L/Users/e155756/.rbenv/versions/2.4.1/lib  -fstack-protector     -lruby-static -framework CoreFoundation  -lpthread -ldl -lobjc "
=======
"clang -o conftest -I/Users/e155745/.rbenv/versions/2.4.1/include/ruby-2.4.0/x86_64-darwin16 -I/Users/e155745/.rbenv/versions/2.4.1/include/ruby-2.4.0/ruby/backward -I/Users/e155745/.rbenv/versions/2.4.1/include/ruby-2.4.0 -I. -I/Users/e155745/.rbenv/versions/2.4.1/include  -D_XOPEN_SOURCE -D_DARWIN_C_SOURCE -D_DARWIN_UNLIMITED_SELECT -D_REENTRANT    -O3 -Wno-error=shorten-64-to-32  -pipe conftest.c  -L. -L/Users/e155745/.rbenv/versions/2.4.1/lib -L. -L/Users/e155745/.rbenv/versions/2.4.1/lib  -fstack-protector     -lruby-static -framework CoreFoundation  -lpthread -ldl -lobjc "
>>>>>>> ea3b5ecd6b26340ea008e5d05820ff616cadafdf
conftest.c:13:57: error: use of undeclared identifier 'ffi_prep_cif_var'
int t(void) { void ((*volatile p)()); p = (void ((*)()))ffi_prep_cif_var; return !p; }
                                                        ^
1 error generated.
checked program was:
/* begin */
 1: #include "ruby.h"
 2: 
 3: /*top*/
 4: extern int t(void);
 5: int main(int argc, char **argv)
 6: {
 7:   if (argc > 1000000) {
 8:     printf("%p", &t);
 9:   }
10: 
11:   return 0;
12: }
13: int t(void) { void ((*volatile p)()); p = (void ((*)()))ffi_prep_cif_var; return !p; }
/* end */

<<<<<<< HEAD
"clang -o conftest -I/Users/e155756/.rbenv/versions/2.4.1/include/ruby-2.4.0/x86_64-darwin16 -I/Users/e155756/.rbenv/versions/2.4.1/include/ruby-2.4.0/ruby/backward -I/Users/e155756/.rbenv/versions/2.4.1/include/ruby-2.4.0 -I. -I/Users/e155756/.rbenv/versions/2.4.1/include  -D_XOPEN_SOURCE -D_DARWIN_C_SOURCE -D_DARWIN_UNLIMITED_SELECT -D_REENTRANT   -O3 -fno-fast-math -ggdb3 -Wall -Wextra -Wno-unused-parameter -Wno-parentheses -Wno-long-long -Wno-missing-field-initializers -Wno-tautological-compare -Wno-parentheses-equality -Wno-constant-logical-operand -Wno-self-assign -Wunused-variable -Wimplicit-int -Wpointer-arith -Wwrite-strings -Wdeclaration-after-statement -Wshorten-64-to-32 -Wimplicit-function-declaration -Wdivision-by-zero -Wdeprecated-declarations -Wextra-tokens  -pipe conftest.c  -L. -L/Users/e155756/.rbenv/versions/2.4.1/lib -L. -L/Users/e155756/.rbenv/versions/2.4.1/lib  -fstack-protector     -lruby-static -framework CoreFoundation  -lpthread -ldl -lobjc "
Undefined symbols for architecture x86_64:
  "_ffi_prep_cif_var", referenced from:
      _t in conftest-6e0f5b.o
=======
"clang -o conftest -I/Users/e155745/.rbenv/versions/2.4.1/include/ruby-2.4.0/x86_64-darwin16 -I/Users/e155745/.rbenv/versions/2.4.1/include/ruby-2.4.0/ruby/backward -I/Users/e155745/.rbenv/versions/2.4.1/include/ruby-2.4.0 -I. -I/Users/e155745/.rbenv/versions/2.4.1/include  -D_XOPEN_SOURCE -D_DARWIN_C_SOURCE -D_DARWIN_UNLIMITED_SELECT -D_REENTRANT    -O3 -Wno-error=shorten-64-to-32  -pipe conftest.c  -L. -L/Users/e155745/.rbenv/versions/2.4.1/lib -L. -L/Users/e155745/.rbenv/versions/2.4.1/lib  -fstack-protector     -lruby-static -framework CoreFoundation  -lpthread -ldl -lobjc "
Undefined symbols for architecture x86_64:
  "_ffi_prep_cif_var", referenced from:
      _t in conftest-7fcb72.o
>>>>>>> ea3b5ecd6b26340ea008e5d05820ff616cadafdf
ld: symbol(s) not found for architecture x86_64
clang: error: linker command failed with exit code 1 (use -v to see invocation)
checked program was:
/* begin */
 1: #include "ruby.h"
 2: 
 3: /*top*/
 4: extern int t(void);
 5: int main(int argc, char **argv)
 6: {
 7:   if (argc > 1000000) {
 8:     printf("%p", &t);
 9:   }
10: 
11:   return 0;
12: }
13: extern void ffi_prep_cif_var();
14: int t(void) { ffi_prep_cif_var(); return 0; }
/* end */

--------------------

extconf.h is:
/* begin */
1: #ifndef EXTCONF_H
2: #define EXTCONF_H
3: #define HAVE_RB_THREAD_CALL_WITH_GVL 1
4: #define HAVE_RB_THREAD_CALL_WITHOUT_GVL 1
5: #define USE_INTERNAL_LIBFFI 1
6: #define RUBY_1_9 1
7: #endif
/* end */

